{"level":"debug","message":"Executing (default): SELECT 1+1 AS result","timestamp":"2025-05-06T06:50:35.647Z"}
{"level":"info","message":"Conexión a la base de datos establecida correctamente.","timestamp":"2025-05-06T06:50:35.910Z"}
{"level":"debug","message":"Executing (default): SELECT 1+1 AS result","timestamp":"2025-05-06T06:50:35.913Z"}
{"level":"info","message":"Modelos sincronizados con la base de datos.","timestamp":"2025-05-06T06:50:36.190Z"}
{"level":"info","message":"Servidor corriendo en el puerto 4000","timestamp":"2025-05-06T06:50:36.197Z"}
{"level":"debug","message":"Executing (default): SELECT 1+1 AS result","timestamp":"2025-05-06T06:50:56.881Z"}
{"level":"info","message":"Conexión a la base de datos establecida correctamente.","timestamp":"2025-05-06T06:50:57.150Z"}
{"level":"debug","message":"Executing (default): SELECT 1+1 AS result","timestamp":"2025-05-06T06:50:57.153Z"}
{"level":"info","message":"Modelos sincronizados con la base de datos.","timestamp":"2025-05-06T06:50:57.376Z"}
{"level":"info","message":"Servidor corriendo en el puerto 4000","timestamp":"2025-05-06T06:50:57.381Z"}
{"level":"info","message":"GET /","timestamp":"2025-05-06T06:52:57.042Z"}
{"level":"info","message":"GET /favicon.ico","timestamp":"2025-05-06T06:52:57.199Z"}
{"level":"info","message":"POST /api/auth/login","timestamp":"2025-05-06T07:37:17.932Z"}
{"level":"info","message":"POST /api/auth/login","timestamp":"2025-05-06T07:37:19.016Z"}
{"level":"info","message":"POST /api/auth/login","timestamp":"2025-05-06T07:37:23.114Z"}
{"level":"info","message":"POST /api/auth/login","timestamp":"2025-05-06T07:37:23.874Z"}
{"level":"info","message":"POST /api/auth/login","timestamp":"2025-05-06T07:37:24.126Z"}
{"level":"info","message":"POST /api/auth/login","timestamp":"2025-05-06T07:37:24.169Z"}
{"level":"info","message":"POST /api/auth/login","timestamp":"2025-05-06T07:37:28.279Z"}
{"level":"info","message":"POST /api/auth/login","timestamp":"2025-05-06T07:37:28.289Z"}
{"level":"info","message":"POST /api/auth/login","timestamp":"2025-05-06T07:37:28.295Z"}
{"level":"info","message":"POST /api/auth/login","timestamp":"2025-05-06T07:37:28.302Z"}
{"level":"info","message":"POST /api/auth/login","timestamp":"2025-05-06T07:37:28.306Z"}
{"level":"info","message":"POST /api/auth/login","timestamp":"2025-05-06T07:37:31.724Z"}
{"level":"debug","message":"Executing (default): SELECT 1+1 AS result","timestamp":"2025-05-06T07:44:34.902Z"}
{"level":"info","message":"Conexión a la base de datos establecida correctamente.","timestamp":"2025-05-06T07:44:35.187Z"}
{"level":"debug","message":"Executing (default): SELECT 1+1 AS result","timestamp":"2025-05-06T07:44:35.190Z"}
{"level":"info","message":"Modelos sincronizados con la base de datos.","timestamp":"2025-05-06T07:44:35.414Z"}
{"level":"info","message":"Servidor corriendo en el puerto 4000","timestamp":"2025-05-06T07:44:35.420Z"}
{"level":"debug","message":"Executing (default): SELECT 1+1 AS result","timestamp":"2025-05-06T07:44:49.249Z"}
{"level":"info","message":"Conexión a la base de datos establecida correctamente.","timestamp":"2025-05-06T07:44:49.476Z"}
{"level":"debug","message":"Executing (default): SELECT 1+1 AS result","timestamp":"2025-05-06T07:44:49.479Z"}
{"level":"info","message":"Modelos sincronizados con la base de datos.","timestamp":"2025-05-06T07:44:49.733Z"}
{"level":"info","message":"Servidor corriendo en el puerto 4000","timestamp":"2025-05-06T07:44:49.739Z"}
{"level":"info","message":"POST /api/auth/login","timestamp":"2025-05-06T07:47:31.496Z"}
{"level":"debug","message":"Executing (default): SELECT 1+1 AS result","timestamp":"2025-05-06T07:49:21.194Z"}
{"level":"info","message":"Conexión a la base de datos establecida correctamente.","timestamp":"2025-05-06T07:49:21.460Z"}
{"level":"debug","message":"Executing (default): SELECT 1+1 AS result","timestamp":"2025-05-06T07:49:21.463Z"}
{"level":"info","message":"Modelos sincronizados con la base de datos.","timestamp":"2025-05-06T07:49:21.702Z"}
{"level":"info","message":"Servidor corriendo en el puerto 4000","timestamp":"2025-05-06T07:49:21.708Z"}
{"level":"info","message":"POST /api/auth/login","timestamp":"2025-05-06T07:49:33.664Z"}
{"level":"debug","message":"Executing (default): SELECT 1+1 AS result","timestamp":"2025-05-06T07:54:33.745Z"}
{"level":"info","message":"Conexión a la base de datos establecida correctamente.","timestamp":"2025-05-06T07:54:34.014Z"}
{"level":"debug","message":"Executing (default): SELECT 1+1 AS result","timestamp":"2025-05-06T07:54:34.017Z"}
{"level":"info","message":"Modelos sincronizados con la base de datos.","timestamp":"2025-05-06T07:54:34.238Z"}
{"level":"info","message":"Servidor corriendo en el puerto 4000","timestamp":"2025-05-06T07:54:34.247Z"}
{"level":"info","message":"POST /api/auth/login","timestamp":"2025-05-06T07:55:42.651Z"}
{"level":"info","message":"POST /api/auth/login","timestamp":"2025-05-06T08:00:25.163Z"}
{"level":"debug","message":"Executing (default): SELECT 1+1 AS result","timestamp":"2025-05-06T08:02:43.963Z"}
{"level":"info","message":"Conexión a la base de datos establecida correctamente.","timestamp":"2025-05-06T08:02:44.223Z"}
{"level":"debug","message":"Executing (default): SELECT 1+1 AS result","timestamp":"2025-05-06T08:02:44.228Z"}
{"level":"info","message":"Modelos sincronizados con la base de datos.","timestamp":"2025-05-06T08:02:44.449Z"}
{"level":"info","message":"Servidor corriendo en el puerto 4000","timestamp":"2025-05-06T08:02:44.457Z"}
{"level":"debug","message":"Executing (default): SELECT 1+1 AS result","timestamp":"2025-05-06T08:04:56.962Z"}
{"level":"info","message":"Conexión a la base de datos establecida correctamente.","timestamp":"2025-05-06T08:04:57.190Z"}
{"level":"debug","message":"Executing (default): SELECT 1+1 AS result","timestamp":"2025-05-06T08:04:57.192Z"}
{"level":"info","message":"Modelos sincronizados con la base de datos.","timestamp":"2025-05-06T08:04:57.419Z"}
{"level":"info","message":"Servidor corriendo en el puerto 4000","timestamp":"2025-05-06T08:04:57.426Z"}
{"level":"debug","message":"Executing (default): SELECT 1+1 AS result","timestamp":"2025-05-06T08:08:32.638Z"}
{"level":"info","message":"Conexión a la base de datos establecida correctamente.","timestamp":"2025-05-06T08:08:32.907Z"}
{"level":"debug","message":"Executing (default): SELECT 1+1 AS result","timestamp":"2025-05-06T08:08:32.910Z"}
{"level":"info","message":"Modelos sincronizados con la base de datos.","timestamp":"2025-05-06T08:08:33.162Z"}
{"level":"info","message":"Servidor corriendo en el puerto 4000","timestamp":"2025-05-06T08:08:33.169Z"}
{"level":"debug","message":"Executing (default): SELECT 1+1 AS result","timestamp":"2025-05-06T08:10:52.927Z"}
{"level":"info","message":"Conexión a la base de datos establecida correctamente.","timestamp":"2025-05-06T08:10:53.183Z"}
{"level":"debug","message":"Executing (default): SELECT 1+1 AS result","timestamp":"2025-05-06T08:10:53.187Z"}
{"level":"info","message":"Modelos sincronizados con la base de datos.","timestamp":"2025-05-06T08:10:53.403Z"}
{"level":"info","message":"Servidor corriendo en el puerto 4000","timestamp":"2025-05-06T08:10:53.410Z"}
{"level":"debug","message":"Executing (default): SELECT 1+1 AS result","timestamp":"2025-05-06T08:11:11.823Z"}
{"level":"info","message":"Conexión a la base de datos establecida correctamente.","timestamp":"2025-05-06T08:11:12.057Z"}
{"level":"debug","message":"Executing (default): SELECT 1+1 AS result","timestamp":"2025-05-06T08:11:12.060Z"}
{"level":"info","message":"Modelos sincronizados con la base de datos.","timestamp":"2025-05-06T08:11:12.309Z"}
{"level":"info","message":"Servidor corriendo en el puerto 4000","timestamp":"2025-05-06T08:11:12.316Z"}
{"level":"debug","message":"Executing (default): SELECT 1+1 AS result","timestamp":"2025-05-06T08:12:36.226Z"}
{"level":"info","message":"Conexión a la base de datos establecida correctamente.","timestamp":"2025-05-06T08:12:36.503Z"}
{"level":"debug","message":"Executing (default): SELECT 1+1 AS result","timestamp":"2025-05-06T08:12:36.506Z"}
{"level":"info","message":"Modelos sincronizados con la base de datos.","timestamp":"2025-05-06T08:12:36.729Z"}
{"level":"info","message":"Servidor corriendo en el puerto 4000","timestamp":"2025-05-06T08:12:36.736Z"}
{"level":"debug","message":"Executing (default): SELECT 1+1 AS result","timestamp":"2025-05-06T08:14:44.020Z"}
{"level":"info","message":"Conexión a la base de datos establecida correctamente.","timestamp":"2025-05-06T08:14:44.250Z"}
{"level":"debug","message":"Executing (default): SELECT 1+1 AS result","timestamp":"2025-05-06T08:14:44.253Z"}
{"level":"info","message":"Modelos sincronizados con la base de datos.","timestamp":"2025-05-06T08:14:44.474Z"}
{"level":"info","message":"Servidor corriendo en el puerto 4000","timestamp":"2025-05-06T08:14:44.481Z"}
{"level":"debug","message":"Executing (default): SELECT 1+1 AS result","timestamp":"2025-05-06T08:15:04.700Z"}
{"level":"info","message":"Conexión a la base de datos establecida correctamente.","timestamp":"2025-05-06T08:15:04.932Z"}
{"level":"debug","message":"Executing (default): SELECT 1+1 AS result","timestamp":"2025-05-06T08:15:04.949Z"}
{"level":"info","message":"Modelos sincronizados con la base de datos.","timestamp":"2025-05-06T08:15:05.168Z"}
{"level":"info","message":"Servidor corriendo en el puerto 4000","timestamp":"2025-05-06T08:15:05.173Z"}
{"level":"debug","message":"Executing (default): SELECT 1+1 AS result","timestamp":"2025-05-06T08:17:24.904Z"}
{"level":"info","message":"Conexión a la base de datos establecida correctamente.","timestamp":"2025-05-06T08:17:25.149Z"}
{"level":"debug","message":"Executing (default): SELECT 1+1 AS result","timestamp":"2025-05-06T08:17:25.169Z"}
{"level":"info","message":"Modelos sincronizados con la base de datos.","timestamp":"2025-05-06T08:17:25.389Z"}
{"level":"info","message":"Servidor corriendo en el puerto 4000","timestamp":"2025-05-06T08:17:25.397Z"}
{"level":"info","message":"POST /api/auth/login","timestamp":"2025-05-06T08:19:26.541Z"}
{"level":"info","message":"POST /api/auth/login","timestamp":"2025-05-06T08:19:35.993Z"}
{"level":"info","message":"POST /api/auth/login","timestamp":"2025-05-06T08:19:47.089Z"}
{"level":"info","message":"POST /api/auth/login","timestamp":"2025-05-06T08:19:48.633Z"}
{"level":"info","message":"POST /api/auth/login","timestamp":"2025-05-06T08:19:55.293Z"}
{"level":"info","message":"POST /api/auth/login","timestamp":"2025-05-06T08:22:22.961Z"}
{"level":"info","message":"POST /api/auth/login","timestamp":"2025-05-06T08:22:38.563Z"}
{"level":"info","message":"GET /api/auth/perfil","timestamp":"2025-05-06T08:28:26.626Z"}
{"level":"info","message":"GET /api/auth/perfil","timestamp":"2025-05-06T08:28:28.495Z"}
{"level":"debug","message":"Executing (default): SELECT 1+1 AS result","timestamp":"2025-05-06T08:31:09.968Z"}
{"level":"info","message":"Conexión a la base de datos establecida correctamente.","timestamp":"2025-05-06T08:31:10.211Z"}
{"level":"debug","message":"Executing (default): SELECT 1+1 AS result","timestamp":"2025-05-06T08:31:10.226Z"}
{"level":"info","message":"Modelos sincronizados con la base de datos.","timestamp":"2025-05-06T08:31:10.444Z"}
{"level":"info","message":"Servidor corriendo en el puerto 4000","timestamp":"2025-05-06T08:31:10.451Z"}
{"level":"debug","message":"Executing (default): SELECT 1+1 AS result","timestamp":"2025-05-06T08:31:36.598Z"}
{"level":"info","message":"Conexión a la base de datos establecida correctamente.","timestamp":"2025-05-06T08:31:36.831Z"}
{"level":"debug","message":"Executing (default): SELECT 1+1 AS result","timestamp":"2025-05-06T08:31:36.836Z"}
{"level":"info","message":"Modelos sincronizados con la base de datos.","timestamp":"2025-05-06T08:31:37.057Z"}
{"level":"info","message":"Servidor corriendo en el puerto 4000","timestamp":"2025-05-06T08:31:37.063Z"}
{"level":"info","message":"GET /api/auth/perfil","timestamp":"2025-05-06T08:31:52.520Z"}
{"level":"info","message":"GET /api/auth/perfil","timestamp":"2025-05-06T08:31:55.523Z"}
{"level":"info","message":"GET /api/auth/perfil","timestamp":"2025-05-06T08:35:09.297Z"}
{"level":"info","message":"GET /api/auth/perfil","timestamp":"2025-05-06T08:35:10.631Z"}
{"level":"info","message":"GET /api/auth/perfil","timestamp":"2025-05-06T08:43:01.466Z"}
{"level":"info","message":"GET /api/auth/perfil","timestamp":"2025-05-06T08:43:03.214Z"}
{"level":"info","message":"GET /api/categorias","timestamp":"2025-05-06T08:43:14.309Z"}
{"level":"info","message":"GET /api/proveedores","timestamp":"2025-05-06T08:43:14.319Z"}
{"level":"info","message":"GET /api/categorias","timestamp":"2025-05-06T08:43:14.980Z"}
{"level":"info","message":"GET /api/proveedores","timestamp":"2025-05-06T08:43:15.220Z"}
{"level":"info","message":"GET /api/proveedores","timestamp":"2025-05-06T08:45:10.495Z"}
{"level":"info","message":"GET /api/proveedores","timestamp":"2025-05-06T08:45:12.216Z"}
{"level":"info","message":"POST /api/proveedores","timestamp":"2025-05-06T08:46:37.084Z"}
{"level":"info","message":"POST /api/proveedores","timestamp":"2025-05-06T08:46:38.217Z"}
{"level":"info","message":"POST /api/proveedores","timestamp":"2025-05-06T08:46:39.585Z"}
{"level":"info","message":"GET /api/proveedores","timestamp":"2025-05-06T08:46:39.803Z"}
{"level":"info","message":"POST /api/proveedores","timestamp":"2025-05-06T08:46:39.962Z"}
{"level":"info","message":"GET /api/proveedores","timestamp":"2025-05-06T08:46:40.083Z"}
{"level":"info","message":"GET /api/proveedores","timestamp":"2025-05-06T08:46:40.457Z"}
{"level":"info","message":"GET /api/auth/perfil","timestamp":"2025-05-06T08:46:52.136Z"}
{"level":"info","message":"GET /api/auth/perfil","timestamp":"2025-05-06T08:46:52.745Z"}
{"level":"info","message":"GET /api/proveedores","timestamp":"2025-05-06T08:46:53.073Z"}
{"level":"info","message":"GET /api/proveedores","timestamp":"2025-05-06T08:46:53.521Z"}
{"level":"info","message":"POST /api/proveedores","timestamp":"2025-05-06T08:47:14.389Z"}
{"level":"info","message":"GET /api/proveedores","timestamp":"2025-05-06T08:47:15.074Z"}
{"level":"info","message":"DELETE /api/proveedores/4","timestamp":"2025-05-06T08:47:27.393Z"}
{"level":"info","message":"GET /api/proveedores","timestamp":"2025-05-06T08:47:28.364Z"}
{"level":"info","message":"DELETE /api/proveedores/3","timestamp":"2025-05-06T08:47:31.479Z"}
{"level":"info","message":"GET /api/proveedores","timestamp":"2025-05-06T08:47:32.397Z"}
{"level":"info","message":"DELETE /api/proveedores/2","timestamp":"2025-05-06T08:47:34.856Z"}
{"level":"info","message":"GET /api/proveedores","timestamp":"2025-05-06T08:47:35.800Z"}
{"level":"info","message":"GET /api/categorias","timestamp":"2025-05-06T08:47:43.178Z"}
{"level":"info","message":"GET /api/proveedores","timestamp":"2025-05-06T08:47:43.183Z"}
{"level":"info","message":"GET /api/categorias","timestamp":"2025-05-06T08:47:43.903Z"}
{"level":"info","message":"GET /api/proveedores","timestamp":"2025-05-06T08:47:44.130Z"}
{"level":"info","message":"POST /api/productos","timestamp":"2025-05-06T08:48:24.466Z"}
{"level":"debug","message":"Executing (default): SELECT 1+1 AS result","timestamp":"2025-05-06T08:50:25.415Z"}
{"level":"info","message":"Conexión a la base de datos establecida correctamente.","timestamp":"2025-05-06T08:50:25.540Z"}
{"level":"debug","message":"Executing (default): SELECT 1+1 AS result","timestamp":"2025-05-06T08:50:25.543Z"}
{"level":"info","message":"Modelos sincronizados con la base de datos.","timestamp":"2025-05-06T08:50:25.656Z"}
{"level":"info","message":"Servidor corriendo en el puerto 4000","timestamp":"2025-05-06T08:50:25.664Z"}
{"level":"info","message":"POST /api/productos","timestamp":"2025-05-06T08:50:44.027Z"}
{"level":"info","message":"POST /api/auth/login","timestamp":"2025-05-06T08:50:54.293Z"}
{"level":"info","message":"GET /api/categorias","timestamp":"2025-05-06T08:51:02.708Z"}
{"level":"info","message":"GET /api/proveedores","timestamp":"2025-05-06T08:51:02.722Z"}
{"level":"info","message":"GET /api/categorias","timestamp":"2025-05-06T08:51:03.169Z"}
{"level":"info","message":"GET /api/proveedores","timestamp":"2025-05-06T08:51:03.355Z"}
{"level":"info","message":"POST /api/productos","timestamp":"2025-05-06T08:51:49.052Z"}
{"level":"info","message":"GET /api/productos","timestamp":"2025-05-06T08:54:40.444Z"}
{"level":"info","message":"GET /api/categorias","timestamp":"2025-05-06T08:54:40.451Z"}
{"level":"info","message":"GET /api/productos","timestamp":"2025-05-06T08:54:42.558Z"}
{"level":"info","message":"GET /api/categorias","timestamp":"2025-05-06T08:54:42.564Z"}
{"level":"info","message":"GET /api/categorias","timestamp":"2025-05-06T08:54:58.586Z"}
{"level":"info","message":"GET /api/proveedores","timestamp":"2025-05-06T08:54:58.591Z"}
{"level":"info","message":"GET /api/categorias","timestamp":"2025-05-06T08:54:59.167Z"}
{"level":"info","message":"GET /api/proveedores","timestamp":"2025-05-06T08:54:59.173Z"}
{"level":"info","message":"GET /api/productos/1","timestamp":"2025-05-06T08:54:59.221Z"}
{"level":"info","message":"GET /api/productos/1","timestamp":"2025-05-06T08:54:59.856Z"}
{"level":"info","message":"PUT /api/productos/1","timestamp":"2025-05-06T08:55:13.418Z"}
{"level":"info","message":"GET /api/productos","timestamp":"2025-05-06T08:55:19.568Z"}
{"level":"info","message":"GET /api/categorias","timestamp":"2025-05-06T08:55:19.576Z"}
{"level":"info","message":"GET /api/productos","timestamp":"2025-05-06T08:55:20.066Z"}
{"level":"info","message":"GET /api/categorias","timestamp":"2025-05-06T08:55:20.109Z"}
{"level":"info","message":"GET /api/categorias","timestamp":"2025-05-06T08:55:27.759Z"}
{"level":"info","message":"GET /api/proveedores","timestamp":"2025-05-06T08:55:27.768Z"}
{"level":"info","message":"GET /api/categorias","timestamp":"2025-05-06T08:55:28.291Z"}
{"level":"info","message":"GET /api/proveedores","timestamp":"2025-05-06T08:55:28.304Z"}
{"level":"info","message":"GET /api/productos/1","timestamp":"2025-05-06T08:55:28.319Z"}
{"level":"info","message":"GET /api/productos/1","timestamp":"2025-05-06T08:55:29.049Z"}
{"level":"info","message":"PUT /api/productos/1","timestamp":"2025-05-06T08:55:36.020Z"}
{"level":"info","message":"GET /api/productos","timestamp":"2025-05-06T08:55:40.035Z"}
{"level":"info","message":"GET /api/categorias","timestamp":"2025-05-06T08:55:40.040Z"}
{"level":"info","message":"GET /api/categorias","timestamp":"2025-05-06T08:55:40.533Z"}
{"level":"info","message":"GET /api/productos","timestamp":"2025-05-06T08:55:40.602Z"}
{"level":"info","message":"GET /api/productos","timestamp":"2025-05-06T08:57:20.630Z"}
{"level":"info","message":"GET /api/categorias","timestamp":"2025-05-06T08:57:20.695Z"}
{"level":"info","message":"GET /api/productos","timestamp":"2025-05-06T08:57:22.307Z"}
{"level":"info","message":"GET /api/categorias","timestamp":"2025-05-06T08:57:22.325Z"}
{"level":"info","message":"GET /api/productos","timestamp":"2025-05-06T08:57:22.912Z"}
{"level":"info","message":"GET /api/categorias","timestamp":"2025-05-06T08:57:22.916Z"}
{"level":"info","message":"DELETE /api/productos/1","timestamp":"2025-05-06T08:57:43.962Z"}
{"level":"info","message":"GET /api/productos","timestamp":"2025-05-06T08:57:46.207Z"}
{"level":"info","message":"GET /api/categorias","timestamp":"2025-05-06T08:57:46.214Z"}
{"level":"info","message":"GET /api/categorias","timestamp":"2025-05-06T08:57:56.057Z"}
{"level":"info","message":"GET /api/proveedores","timestamp":"2025-05-06T08:57:56.067Z"}
{"level":"info","message":"GET /api/categorias","timestamp":"2025-05-06T08:57:56.514Z"}
{"level":"info","message":"GET /api/proveedores","timestamp":"2025-05-06T08:57:56.531Z"}
{"level":"info","message":"GET /api/productos/1","timestamp":"2025-05-06T08:57:56.547Z"}
{"level":"info","message":"GET /api/productos/1","timestamp":"2025-05-06T08:57:56.991Z"}
{"level":"info","message":"PUT /api/productos/1","timestamp":"2025-05-06T08:58:06.802Z"}
{"level":"info","message":"GET /api/productos","timestamp":"2025-05-06T08:58:10.783Z"}
{"level":"info","message":"GET /api/categorias","timestamp":"2025-05-06T08:58:10.789Z"}
{"level":"info","message":"GET /api/productos","timestamp":"2025-05-06T08:58:11.236Z"}
{"level":"info","message":"GET /api/categorias","timestamp":"2025-05-06T08:58:11.278Z"}
{"level":"info","message":"GET /api/proveedores","timestamp":"2025-05-06T08:58:16.181Z"}
{"level":"info","message":"GET /api/proveedores","timestamp":"2025-05-06T08:58:16.789Z"}
{"level":"info","message":"GET /api/productos","timestamp":"2025-05-06T08:58:23.605Z"}
{"level":"info","message":"GET /api/categorias","timestamp":"2025-05-06T08:58:23.612Z"}
{"level":"info","message":"GET /api/productos","timestamp":"2025-05-06T08:58:24.087Z"}
{"level":"info","message":"GET /api/categorias","timestamp":"2025-05-06T08:58:24.092Z"}
{"level":"info","message":"GET /api/ventas/total","timestamp":"2025-05-06T08:59:48.460Z"}
{"level":"info","message":"GET /api/clientes/total","timestamp":"2025-05-06T08:59:48.466Z"}
{"level":"info","message":"GET /api/productos/total","timestamp":"2025-05-06T08:59:48.491Z"}
{"level":"info","message":"GET /api/ventas/mensuales","timestamp":"2025-05-06T08:59:48.534Z"}
{"level":"info","message":"GET /api/ventas/total","timestamp":"2025-05-06T08:59:50.136Z"}
{"level":"info","message":"GET /api/clientes/total","timestamp":"2025-05-06T08:59:50.219Z"}
{"level":"info","message":"GET /api/ventas/mensuales","timestamp":"2025-05-06T08:59:50.226Z"}
{"level":"info","message":"GET /api/productos/total","timestamp":"2025-05-06T08:59:50.371Z"}
{"level":"info","message":"GET /api/auth/perfil","timestamp":"2025-05-06T08:59:57.894Z"}
{"level":"info","message":"GET /api/auth/perfil","timestamp":"2025-05-06T08:59:58.589Z"}
{"level":"info","message":"GET /api/ventas/total","timestamp":"2025-05-06T08:59:58.938Z"}
{"level":"info","message":"GET /api/clientes/total","timestamp":"2025-05-06T08:59:58.945Z"}
{"level":"info","message":"GET /api/productos/total","timestamp":"2025-05-06T08:59:58.952Z"}
{"level":"info","message":"GET /api/ventas/mensuales","timestamp":"2025-05-06T08:59:58.959Z"}
{"level":"info","message":"GET /api/ventas/total","timestamp":"2025-05-06T08:59:59.556Z"}
{"level":"info","message":"GET /api/clientes/total","timestamp":"2025-05-06T08:59:59.574Z"}
{"level":"info","message":"GET /api/ventas/mensuales","timestamp":"2025-05-06T08:59:59.598Z"}
{"level":"info","message":"GET /api/productos/total","timestamp":"2025-05-06T08:59:59.610Z"}
{"level":"debug","message":"Executing (default): SELECT 1+1 AS result","timestamp":"2025-05-06T09:01:42.567Z"}
{"level":"info","message":"Conexión a la base de datos establecida correctamente.","timestamp":"2025-05-06T09:01:42.794Z"}
{"level":"debug","message":"Executing (default): SELECT 1+1 AS result","timestamp":"2025-05-06T09:01:42.797Z"}
{"level":"info","message":"Modelos sincronizados con la base de datos.","timestamp":"2025-05-06T09:01:43.013Z"}
{"level":"info","message":"Servidor corriendo en el puerto 4000","timestamp":"2025-05-06T09:01:43.020Z"}
{"level":"debug","message":"Executing (default): SELECT 1+1 AS result","timestamp":"2025-05-06T09:02:41.374Z"}
{"level":"info","message":"Conexión a la base de datos establecida correctamente.","timestamp":"2025-05-06T09:02:41.599Z"}
{"level":"debug","message":"Executing (default): SELECT 1+1 AS result","timestamp":"2025-05-06T09:02:41.602Z"}
{"level":"info","message":"Modelos sincronizados con la base de datos.","timestamp":"2025-05-06T09:02:41.819Z"}
{"level":"info","message":"Servidor corriendo en el puerto 4000","timestamp":"2025-05-06T09:02:41.825Z"}
{"level":"info","message":"GET /api/auth/perfil","timestamp":"2025-05-06T09:02:50.717Z"}
{"level":"info","message":"GET /api/auth/perfil","timestamp":"2025-05-06T09:02:54.520Z"}
{"level":"info","message":"GET /api/ventas/total","timestamp":"2025-05-06T09:02:54.851Z"}
{"level":"info","message":"GET /api/clientes/total","timestamp":"2025-05-06T09:02:54.931Z"}
{"level":"info","message":"GET /api/productos/total","timestamp":"2025-05-06T09:02:54.938Z"}
{"level":"info","message":"GET /api/ventas/mensuales","timestamp":"2025-05-06T09:02:54.947Z"}
{"level":"info","message":"GET /api/ventas/total","timestamp":"2025-05-06T09:02:55.401Z"}
{"level":"info","message":"GET /api/clientes/total","timestamp":"2025-05-06T09:02:55.640Z"}
{"level":"info","message":"GET /api/ventas/mensuales","timestamp":"2025-05-06T09:02:56.158Z"}
{"level":"info","message":"GET /api/productos/total","timestamp":"2025-05-06T09:02:56.324Z"}
{"level":"debug","message":"Executing (default): SELECT 1+1 AS result","timestamp":"2025-05-06T09:04:10.465Z"}
{"level":"info","message":"Conexión a la base de datos establecida correctamente.","timestamp":"2025-05-06T09:04:10.721Z"}
{"level":"debug","message":"Executing (default): SELECT 1+1 AS result","timestamp":"2025-05-06T09:04:10.725Z"}
{"level":"info","message":"Modelos sincronizados con la base de datos.","timestamp":"2025-05-06T09:04:10.945Z"}
{"level":"info","message":"Servidor corriendo en el puerto 4000","timestamp":"2025-05-06T09:04:10.951Z"}
{"level":"info","message":"GET /api/dashboard/total","timestamp":"2025-05-06T09:04:11.288Z"}
{"level":"info","message":"GET /api/dashboard/clientes","timestamp":"2025-05-06T09:04:11.372Z"}
{"level":"info","message":"GET /api/dashboard/productos","timestamp":"2025-05-06T09:04:11.386Z"}
{"level":"info","message":"GET /api/dashboard/mensuales","timestamp":"2025-05-06T09:04:11.469Z"}
{"level":"debug","message":"Executing (default): SELECT 1+1 AS result","timestamp":"2025-05-06T09:04:42.799Z"}
{"level":"info","message":"Conexión a la base de datos establecida correctamente.","timestamp":"2025-05-06T09:04:43.055Z"}
{"level":"debug","message":"Executing (default): SELECT 1+1 AS result","timestamp":"2025-05-06T09:04:43.058Z"}
{"level":"info","message":"Modelos sincronizados con la base de datos.","timestamp":"2025-05-06T09:04:43.279Z"}
{"level":"info","message":"Servidor corriendo en el puerto 4000","timestamp":"2025-05-06T09:04:43.287Z"}
{"level":"debug","message":"Executing (default): SELECT 1+1 AS result","timestamp":"2025-05-06T09:05:11.175Z"}
{"level":"info","message":"Conexión a la base de datos establecida correctamente.","timestamp":"2025-05-06T09:05:11.411Z"}
{"level":"debug","message":"Executing (default): SELECT 1+1 AS result","timestamp":"2025-05-06T09:05:11.414Z"}
{"level":"info","message":"Modelos sincronizados con la base de datos.","timestamp":"2025-05-06T09:05:11.628Z"}
{"level":"info","message":"Servidor corriendo en el puerto 4000","timestamp":"2025-05-06T09:05:11.633Z"}
{"level":"info","message":"GET /api/auth/perfil","timestamp":"2025-05-06T09:05:22.352Z"}
{"level":"info","message":"GET /api/auth/perfil","timestamp":"2025-05-06T09:05:25.554Z"}
{"level":"info","message":"GET /api/dashboard/total","timestamp":"2025-05-06T09:05:25.828Z"}
{"level":"info","message":"GET /api/dashboard/clientes","timestamp":"2025-05-06T09:05:25.837Z"}
{"level":"info","message":"GET /api/dashboard/productos","timestamp":"2025-05-06T09:05:25.850Z"}
{"level":"info","message":"GET /api/dashboard/mensuales","timestamp":"2025-05-06T09:05:25.869Z"}
{"level":"info","message":"GET /api/dashboard/total","timestamp":"2025-05-06T09:05:26.230Z"}
{"level":"info","message":"GET /api/dashboard/mensuales","timestamp":"2025-05-06T09:05:26.940Z"}
{"level":"info","message":"GET /api/dashboard/clientes","timestamp":"2025-05-06T09:05:27.389Z"}
{"level":"info","message":"GET /api/dashboard/productos","timestamp":"2025-05-06T09:05:27.426Z"}
{"level":"debug","message":"Executing (default): SELECT 1+1 AS result","timestamp":"2025-05-06T09:07:08.014Z"}
{"level":"info","message":"Conexión a la base de datos establecida correctamente.","timestamp":"2025-05-06T09:07:08.290Z"}
{"level":"debug","message":"Executing (default): SELECT 1+1 AS result","timestamp":"2025-05-06T09:07:08.312Z"}
{"level":"info","message":"Modelos sincronizados con la base de datos.","timestamp":"2025-05-06T09:07:08.573Z"}
{"level":"info","message":"Servidor corriendo en el puerto 4000","timestamp":"2025-05-06T09:07:08.579Z"}
{"level":"info","message":"GET /api/auth/perfil","timestamp":"2025-05-06T09:07:34.294Z"}
{"level":"info","message":"GET /api/auth/perfil","timestamp":"2025-05-06T09:07:37.971Z"}
{"level":"info","message":"GET /api/dashboard/total","timestamp":"2025-05-06T09:07:38.307Z"}
{"level":"info","message":"GET /api/dashboard/clientes","timestamp":"2025-05-06T09:07:38.316Z"}
{"level":"info","message":"GET /api/dashboard/productos","timestamp":"2025-05-06T09:07:38.327Z"}
{"level":"info","message":"GET /api/dashboard/mensuales","timestamp":"2025-05-06T09:07:38.416Z"}
{"level":"info","message":"GET /api/dashboard/total","timestamp":"2025-05-06T09:07:39.354Z"}
{"level":"info","message":"GET /api/dashboard/mensuales","timestamp":"2025-05-06T09:07:39.695Z"}
{"level":"info","message":"GET /api/dashboard/clientes","timestamp":"2025-05-06T09:07:39.702Z"}
{"level":"info","message":"GET /api/dashboard/productos","timestamp":"2025-05-06T09:07:39.822Z"}
{"level":"debug","message":"Executing (default): SELECT 1+1 AS result","timestamp":"2025-05-06T09:08:56.108Z"}
{"level":"info","message":"Conexión a la base de datos establecida correctamente.","timestamp":"2025-05-06T09:08:56.358Z"}
{"level":"debug","message":"Executing (default): SELECT 1+1 AS result","timestamp":"2025-05-06T09:08:56.361Z"}
{"level":"info","message":"Modelos sincronizados con la base de datos.","timestamp":"2025-05-06T09:08:56.587Z"}
{"level":"info","message":"Servidor corriendo en el puerto 4000","timestamp":"2025-05-06T09:08:56.593Z"}
{"level":"info","message":"GET /api/auth/perfil","timestamp":"2025-05-06T09:09:55.092Z"}
{"level":"info","message":"GET /api/auth/perfil","timestamp":"2025-05-06T09:09:58.461Z"}
{"level":"info","message":"GET /api/dashboard/mensuales","timestamp":"2025-05-06T09:09:58.791Z"}
{"level":"info","message":"GET /api/dashboard/productos","timestamp":"2025-05-06T09:09:58.802Z"}
{"level":"info","message":"GET /api/dashboard/clientes","timestamp":"2025-05-06T09:09:58.816Z"}
{"level":"info","message":"GET /api/dashboard/total","timestamp":"2025-05-06T09:09:58.903Z"}
{"level":"info","message":"GET /api/dashboard/productos","timestamp":"2025-05-06T09:10:00.267Z"}
{"level":"info","message":"GET /api/dashboard/clientes","timestamp":"2025-05-06T09:10:00.282Z"}
{"level":"info","message":"GET /api/dashboard/mensuales","timestamp":"2025-05-06T09:10:00.296Z"}
{"level":"info","message":"GET /api/dashboard/total","timestamp":"2025-05-06T09:10:00.313Z"}
{"level":"debug","message":"Executing (default): SELECT 1+1 AS result","timestamp":"2025-05-06T09:10:23.909Z"}
{"level":"info","message":"Conexión a la base de datos establecida correctamente.","timestamp":"2025-05-06T09:10:24.144Z"}
{"level":"debug","message":"Executing (default): SELECT 1+1 AS result","timestamp":"2025-05-06T09:10:24.154Z"}
{"level":"info","message":"Modelos sincronizados con la base de datos.","timestamp":"2025-05-06T09:10:24.421Z"}
{"level":"info","message":"Servidor corriendo en el puerto 4000","timestamp":"2025-05-06T09:10:24.427Z"}
{"level":"info","message":"GET /api/auth/perfil","timestamp":"2025-05-06T09:10:29.254Z"}
{"level":"info","message":"GET /api/auth/perfil","timestamp":"2025-05-06T09:10:32.347Z"}
{"level":"info","message":"GET /api/dashboard/total","timestamp":"2025-05-06T09:10:32.694Z"}
{"level":"info","message":"GET /api/dashboard/clientes","timestamp":"2025-05-06T09:10:32.731Z"}
{"level":"info","message":"GET /api/dashboard/productos","timestamp":"2025-05-06T09:10:32.791Z"}
{"level":"info","message":"GET /api/dashboard/mensuales","timestamp":"2025-05-06T09:10:32.806Z"}
{"level":"info","message":"GET /api/dashboard/total","timestamp":"2025-05-06T09:10:34.125Z"}
{"level":"info","message":"GET /api/dashboard/clientes","timestamp":"2025-05-06T09:10:34.184Z"}
{"level":"info","message":"GET /api/dashboard/productos","timestamp":"2025-05-06T09:10:34.277Z"}
{"level":"info","message":"GET /api/dashboard/mensuales","timestamp":"2025-05-06T09:10:34.287Z"}
{"level":"info","message":"GET /api/categorias","timestamp":"2025-05-06T09:10:50.344Z"}
{"level":"info","message":"GET /api/productos","timestamp":"2025-05-06T09:10:50.550Z"}
{"level":"info","message":"GET /api/categorias","timestamp":"2025-05-06T09:10:50.920Z"}
{"level":"info","message":"GET /api/productos","timestamp":"2025-05-06T09:10:51.260Z"}
{"level":"info","message":"GET /api/proveedores","timestamp":"2025-05-06T09:11:01.185Z"}
{"level":"info","message":"GET /api/proveedores","timestamp":"2025-05-06T09:11:01.718Z"}
{"level":"info","message":"GET /api/auth/perfil","timestamp":"2025-05-06T09:12:44.367Z"}
{"level":"info","message":"GET /api/auth/perfil","timestamp":"2025-05-06T09:12:46.351Z"}
{"level":"info","message":"GET /api/auth/perfil","timestamp":"2025-05-06T09:13:38.788Z"}
{"level":"info","message":"GET /api/auth/perfil","timestamp":"2025-05-06T09:13:40.528Z"}
{"level":"info","message":"GET /api/ventas","timestamp":"2025-05-06T09:15:54.236Z"}
{"level":"info","message":"GET /api/ventas","timestamp":"2025-05-06T09:15:55.777Z"}
{"level":"info","message":"GET /api/auth/perfil","timestamp":"2025-05-06T09:16:20.031Z"}
{"level":"info","message":"GET /api/auth/perfil","timestamp":"2025-05-06T09:16:21.059Z"}
{"level":"info","message":"GET /api/ventas","timestamp":"2025-05-06T09:16:21.231Z"}
{"level":"info","message":"GET /api/ventas","timestamp":"2025-05-06T09:16:21.618Z"}
{"level":"info","message":"GET /api/dashboard/total","timestamp":"2025-05-06T09:16:24.488Z"}
{"level":"info","message":"GET /api/dashboard/clientes","timestamp":"2025-05-06T09:16:24.494Z"}
{"level":"info","message":"GET /api/dashboard/productos","timestamp":"2025-05-06T09:16:24.501Z"}
{"level":"info","message":"GET /api/dashboard/mensuales","timestamp":"2025-05-06T09:16:24.509Z"}
{"level":"info","message":"GET /api/dashboard/clientes","timestamp":"2025-05-06T09:16:24.937Z"}
{"level":"info","message":"GET /api/dashboard/total","timestamp":"2025-05-06T09:16:25.008Z"}
{"level":"info","message":"GET /api/dashboard/productos","timestamp":"2025-05-06T09:16:25.101Z"}
{"level":"info","message":"GET /api/dashboard/mensuales","timestamp":"2025-05-06T09:16:25.150Z"}
{"level":"info","message":"GET /api/ventas","timestamp":"2025-05-06T09:18:48.596Z"}
{"level":"info","message":"GET /api/ventas","timestamp":"2025-05-06T09:18:49.607Z"}
{"level":"info","message":"GET /api/clientes","timestamp":"2025-05-06T09:18:51.640Z"}
{"level":"info","message":"GET /api/productos","timestamp":"2025-05-06T09:18:51.752Z"}
{"level":"info","message":"GET /api/clientes","timestamp":"2025-05-06T09:18:52.083Z"}
{"level":"info","message":"GET /api/productos","timestamp":"2025-05-06T09:18:52.198Z"}
{"level":"info","message":"GET /api/productos","timestamp":"2025-05-06T09:19:21.796Z"}
{"level":"info","message":"GET /api/categorias","timestamp":"2025-05-06T09:19:21.808Z"}
{"level":"info","message":"GET /api/productos","timestamp":"2025-05-06T09:19:22.728Z"}
{"level":"info","message":"GET /api/categorias","timestamp":"2025-05-06T09:19:22.798Z"}
{"level":"info","message":"GET /api/ventas","timestamp":"2025-05-06T09:19:24.282Z"}
{"level":"info","message":"GET /api/ventas","timestamp":"2025-05-06T09:19:24.555Z"}
{"level":"info","message":"GET /api/productos","timestamp":"2025-05-06T09:19:26.640Z"}
{"level":"info","message":"GET /api/clientes","timestamp":"2025-05-06T09:19:26.696Z"}
{"level":"info","message":"GET /api/productos","timestamp":"2025-05-06T09:19:26.879Z"}
{"level":"info","message":"GET /api/clientes","timestamp":"2025-05-06T09:19:26.953Z"}
{"level":"info","message":"GET /api/clientes","timestamp":"2025-05-06T09:20:25.561Z"}
{"level":"info","message":"GET /api/productos","timestamp":"2025-05-06T09:20:25.573Z"}
{"level":"info","message":"GET /api/ventas","timestamp":"2025-05-06T09:21:19.210Z"}
{"level":"info","message":"GET /api/ventas","timestamp":"2025-05-06T09:21:20.935Z"}
{"level":"info","message":"GET /api/productos","timestamp":"2025-05-06T09:21:21.267Z"}
{"level":"info","message":"GET /api/categorias","timestamp":"2025-05-06T09:21:21.276Z"}
{"level":"info","message":"GET /api/productos","timestamp":"2025-05-06T09:21:22.122Z"}
{"level":"info","message":"GET /api/categorias","timestamp":"2025-05-06T09:21:22.369Z"}
{"level":"info","message":"GET /api/ventas","timestamp":"2025-05-06T09:21:48.643Z"}
{"level":"info","message":"GET /api/ventas","timestamp":"2025-05-06T09:21:50.429Z"}
{"level":"info","message":"GET /api/clientes","timestamp":"2025-05-06T09:21:52.356Z"}
{"level":"info","message":"GET /api/productos","timestamp":"2025-05-06T09:21:52.361Z"}
{"level":"info","message":"GET /api/clientes","timestamp":"2025-05-06T09:21:53.102Z"}
{"level":"info","message":"GET /api/productos","timestamp":"2025-05-06T09:21:53.327Z"}
{"level":"info","message":"GET /api/clientes","timestamp":"2025-05-06T09:22:34.414Z"}
{"level":"info","message":"GET /api/productos","timestamp":"2025-05-06T09:22:34.432Z"}
{"level":"info","message":"GET /api/proveedores","timestamp":"2025-05-06T09:24:34.294Z"}
{"level":"info","message":"GET /api/proveedores","timestamp":"2025-05-06T09:24:36.165Z"}
{"level":"info","message":"GET /api/clientes","timestamp":"2025-05-06T09:25:15.124Z"}
{"level":"info","message":"GET /api/clientes","timestamp":"2025-05-06T09:25:16.976Z"}
{"level":"info","message":"GET /api/ventas","timestamp":"2025-05-06T09:25:31.321Z"}
{"level":"info","message":"GET /api/ventas","timestamp":"2025-05-06T09:25:31.887Z"}
{"level":"info","message":"GET /api/clientes","timestamp":"2025-05-06T09:25:32.590Z"}
{"level":"info","message":"GET /api/clientes","timestamp":"2025-05-06T09:25:33.062Z"}
{"level":"info","message":"POST /api/clientes","timestamp":"2025-05-06T09:26:16.386Z"}
{"level":"info","message":"GET /api/clientes","timestamp":"2025-05-06T09:26:18.613Z"}
{"level":"info","message":"PUT /api/clientes/1","timestamp":"2025-05-06T09:26:28.311Z"}
{"level":"info","message":"GET /api/clientes","timestamp":"2025-05-06T09:26:29.442Z"}
{"level":"info","message":"POST /api/clientes","timestamp":"2025-05-06T09:26:55.594Z"}
{"level":"info","message":"POST /api/clientes","timestamp":"2025-05-06T09:27:05.730Z"}
{"level":"info","message":"POST /api/clientes","timestamp":"2025-05-06T09:27:18.491Z"}
{"level":"info","message":"GET /api/clientes","timestamp":"2025-05-06T09:28:24.872Z"}
{"level":"info","message":"GET /api/clientes","timestamp":"2025-05-06T09:28:37.211Z"}
{"level":"info","message":"POST /api/clientes","timestamp":"2025-05-06T09:29:30.815Z"}
{"level":"info","message":"GET /api/clientes","timestamp":"2025-05-06T09:29:33.021Z"}
{"level":"info","message":"DELETE /api/clientes/2","timestamp":"2025-05-06T09:29:41.057Z"}
{"level":"info","message":"GET /api/clientes","timestamp":"2025-05-06T09:29:42.068Z"}
{"level":"info","message":"GET /api/ventas","timestamp":"2025-05-06T09:29:44.340Z"}
{"level":"info","message":"GET /api/ventas","timestamp":"2025-05-06T09:29:44.807Z"}
{"level":"info","message":"GET /api/clientes","timestamp":"2025-05-06T09:29:46.470Z"}
{"level":"info","message":"GET /api/productos","timestamp":"2025-05-06T09:29:46.481Z"}
{"level":"info","message":"GET /api/clientes","timestamp":"2025-05-06T09:29:47.149Z"}
{"level":"info","message":"GET /api/productos","timestamp":"2025-05-06T09:29:47.369Z"}
{"level":"info","message":"GET /api/clientes","timestamp":"2025-05-06T09:32:04.356Z"}
{"level":"info","message":"GET /api/productos","timestamp":"2025-05-06T09:32:04.382Z"}
{"level":"info","message":"POST /api/ventas","timestamp":"2025-05-06T09:33:49.350Z"}
{"level":"error","message":"Promesa rechazada no manejada: Cannot read properties of undefined (reading 'transaction')","stack":"TypeError: Cannot read properties of undefined (reading 'transaction')\n    at crearVenta (C:\\Users\\Usuario\\Downloads\\proyectofinal\\backend\\src\\controllers\\ventaController.js:106:29)\n    at Layer.handle [as handle_request] (C:\\Users\\Usuario\\Downloads\\proyectofinal\\backend\\node_modules\\express\\lib\\router\\layer.js:95:5)\n    at next (C:\\Users\\Usuario\\Downloads\\proyectofinal\\backend\\node_modules\\express\\lib\\router\\route.js:149:13)\n    at Route.dispatch (C:\\Users\\Usuario\\Downloads\\proyectofinal\\backend\\node_modules\\express\\lib\\router\\route.js:119:3)\n    at Layer.handle [as handle_request] (C:\\Users\\Usuario\\Downloads\\proyectofinal\\backend\\node_modules\\express\\lib\\router\\layer.js:95:5)\n    at C:\\Users\\Usuario\\Downloads\\proyectofinal\\backend\\node_modules\\express\\lib\\router\\index.js:284:15\n    at Function.process_params (C:\\Users\\Usuario\\Downloads\\proyectofinal\\backend\\node_modules\\express\\lib\\router\\index.js:346:12)\n    at next (C:\\Users\\Usuario\\Downloads\\proyectofinal\\backend\\node_modules\\express\\lib\\router\\index.js:280:10)\n    at verificarToken (C:\\Users\\Usuario\\Downloads\\proyectofinal\\backend\\src\\middleware\\auth.js:26:5)\n    at process.processTicksAndRejections (node:internal/process/task_queues:105:5)","timestamp":"2025-05-06T09:33:50.911Z"}
{"level":"debug","message":"Executing (default): SELECT 1+1 AS result","timestamp":"2025-05-06T09:36:56.331Z"}
{"level":"info","message":"Conexión a la base de datos establecida correctamente.","timestamp":"2025-05-06T09:36:56.569Z"}
{"level":"debug","message":"Executing (default): SELECT 1+1 AS result","timestamp":"2025-05-06T09:36:56.572Z"}
{"level":"info","message":"Modelos sincronizados con la base de datos.","timestamp":"2025-05-06T09:36:56.791Z"}
{"level":"info","message":"Servidor corriendo en el puerto 4000","timestamp":"2025-05-06T09:36:56.797Z"}
{"level":"info","message":"GET /api/auth/perfil","timestamp":"2025-05-06T09:37:07.959Z"}
{"level":"info","message":"GET /api/auth/perfil","timestamp":"2025-05-06T09:37:11.308Z"}
{"level":"info","message":"GET /api/clientes","timestamp":"2025-05-06T09:37:11.573Z"}
{"level":"info","message":"GET /api/productos","timestamp":"2025-05-06T09:37:11.584Z"}
{"level":"info","message":"GET /api/clientes","timestamp":"2025-05-06T09:37:12.587Z"}
{"level":"info","message":"GET /api/productos","timestamp":"2025-05-06T09:37:12.806Z"}
{"level":"info","message":"POST /api/ventas","timestamp":"2025-05-06T09:37:22.463Z"}
{"level":"error","message":"Promesa rechazada no manejada: Cannot read properties of undefined (reading 'transaction')","stack":"TypeError: Cannot read properties of undefined (reading 'transaction')\n    at crearVenta (C:\\Users\\Usuario\\Downloads\\proyectofinal\\backend\\src\\controllers\\ventaController.js:106:29)\n    at Layer.handle [as handle_request] (C:\\Users\\Usuario\\Downloads\\proyectofinal\\backend\\node_modules\\express\\lib\\router\\layer.js:95:5)\n    at next (C:\\Users\\Usuario\\Downloads\\proyectofinal\\backend\\node_modules\\express\\lib\\router\\route.js:149:13)\n    at Route.dispatch (C:\\Users\\Usuario\\Downloads\\proyectofinal\\backend\\node_modules\\express\\lib\\router\\route.js:119:3)\n    at Layer.handle [as handle_request] (C:\\Users\\Usuario\\Downloads\\proyectofinal\\backend\\node_modules\\express\\lib\\router\\layer.js:95:5)\n    at C:\\Users\\Usuario\\Downloads\\proyectofinal\\backend\\node_modules\\express\\lib\\router\\index.js:284:15\n    at Function.process_params (C:\\Users\\Usuario\\Downloads\\proyectofinal\\backend\\node_modules\\express\\lib\\router\\index.js:346:12)\n    at next (C:\\Users\\Usuario\\Downloads\\proyectofinal\\backend\\node_modules\\express\\lib\\router\\index.js:280:10)\n    at verificarToken (C:\\Users\\Usuario\\Downloads\\proyectofinal\\backend\\src\\middleware\\auth.js:26:5)\n    at process.processTicksAndRejections (node:internal/process/task_queues:105:5)","timestamp":"2025-05-06T09:37:22.718Z"}
{"level":"debug","message":"Executing (default): SELECT 1+1 AS result","timestamp":"2025-05-06T09:40:11.687Z"}
{"level":"info","message":"Conexión a la base de datos establecida correctamente.","timestamp":"2025-05-06T09:40:11.956Z"}
{"level":"debug","message":"Executing (default): SELECT 1+1 AS result","timestamp":"2025-05-06T09:40:11.960Z"}
{"level":"info","message":"Modelos sincronizados con la base de datos.","timestamp":"2025-05-06T09:40:12.183Z"}
{"level":"info","message":"Servidor corriendo en el puerto 4000","timestamp":"2025-05-06T09:40:12.189Z"}
{"level":"info","message":"POST /api/ventas","timestamp":"2025-05-06T09:40:22.435Z"}
{"level":"debug","message":"Executing (default): SELECT 1+1 AS result","timestamp":"2025-05-06T09:41:57.912Z"}
{"level":"info","message":"Conexión a la base de datos establecida correctamente.","timestamp":"2025-05-06T09:41:58.173Z"}
{"level":"debug","message":"Executing (default): SELECT 1+1 AS result","timestamp":"2025-05-06T09:41:58.197Z"}
{"level":"info","message":"Modelos sincronizados con la base de datos.","timestamp":"2025-05-06T09:41:58.423Z"}
{"level":"info","message":"Servidor corriendo en el puerto 4000","timestamp":"2025-05-06T09:41:58.430Z"}
{"level":"info","message":"POST /api/ventas","timestamp":"2025-05-06T09:42:09.672Z"}
{"level":"info","message":"GET /api/ventas","timestamp":"2025-05-06T09:42:15.619Z"}
{"level":"info","message":"GET /api/ventas","timestamp":"2025-05-06T09:42:16.212Z"}
{"level":"info","message":"GET /api/dashboard/clientes","timestamp":"2025-05-06T09:42:20.618Z"}
{"level":"info","message":"GET /api/dashboard/total","timestamp":"2025-05-06T09:42:20.640Z"}
{"level":"info","message":"GET /api/dashboard/mensuales","timestamp":"2025-05-06T09:42:20.650Z"}
{"level":"info","message":"GET /api/dashboard/productos","timestamp":"2025-05-06T09:42:20.661Z"}
{"level":"info","message":"GET /api/dashboard/clientes","timestamp":"2025-05-06T09:42:22.045Z"}
{"level":"info","message":"GET /api/dashboard/total","timestamp":"2025-05-06T09:42:22.055Z"}
{"level":"info","message":"GET /api/dashboard/productos","timestamp":"2025-05-06T09:42:22.065Z"}
{"level":"info","message":"GET /api/dashboard/mensuales","timestamp":"2025-05-06T09:42:22.074Z"}
{"level":"info","message":"GET /api/productos","timestamp":"2025-05-06T09:42:26.091Z"}
{"level":"info","message":"GET /api/categorias","timestamp":"2025-05-06T09:42:26.194Z"}
{"level":"info","message":"GET /api/productos","timestamp":"2025-05-06T09:42:26.561Z"}
{"level":"info","message":"GET /api/categorias","timestamp":"2025-05-06T09:42:26.705Z"}
{"level":"info","message":"GET /api/ventas","timestamp":"2025-05-06T09:42:27.160Z"}
{"level":"info","message":"GET /api/ventas","timestamp":"2025-05-06T09:42:27.665Z"}
{"level":"info","message":"GET /api/clientes","timestamp":"2025-05-06T09:42:32.361Z"}
{"level":"info","message":"GET /api/productos","timestamp":"2025-05-06T09:42:32.456Z"}
{"level":"info","message":"GET /api/clientes","timestamp":"2025-05-06T09:42:32.919Z"}
{"level":"info","message":"GET /api/productos","timestamp":"2025-05-06T09:42:33.007Z"}
{"level":"info","message":"POST /api/ventas","timestamp":"2025-05-06T09:42:42.247Z"}
{"level":"info","message":"GET /api/ventas","timestamp":"2025-05-06T09:42:44.483Z"}
{"level":"info","message":"GET /api/ventas","timestamp":"2025-05-06T09:42:44.931Z"}
{"level":"debug","message":"Executing (default): SELECT 1+1 AS result","timestamp":"2025-05-06T09:44:21.582Z"}
{"level":"info","message":"Conexión a la base de datos establecida correctamente.","timestamp":"2025-05-06T09:44:21.889Z"}
{"level":"debug","message":"Executing (default): SELECT 1+1 AS result","timestamp":"2025-05-06T09:44:21.891Z"}
{"level":"info","message":"Modelos sincronizados con la base de datos.","timestamp":"2025-05-06T09:44:22.647Z"}
{"level":"info","message":"Servidor corriendo en el puerto 4000","timestamp":"2025-05-06T09:44:22.652Z"}
{"level":"debug","message":"Executing (default): SELECT 1+1 AS result","timestamp":"2025-05-06T09:45:35.434Z"}
{"level":"info","message":"Conexión a la base de datos establecida correctamente.","timestamp":"2025-05-06T09:45:35.773Z"}
{"level":"debug","message":"Executing (default): SELECT 1+1 AS result","timestamp":"2025-05-06T09:45:35.890Z"}
{"level":"info","message":"Modelos sincronizados con la base de datos.","timestamp":"2025-05-06T09:45:36.317Z"}
{"level":"info","message":"Servidor corriendo en el puerto 4000","timestamp":"2025-05-06T09:45:36.323Z"}
{"level":"info","message":"GET /api/ventas","timestamp":"2025-05-06T09:46:10.158Z"}
{"level":"info","message":"GET /api/ventas/2","timestamp":"2025-05-06T09:46:45.259Z"}
{"level":"info","message":"GET /api/ventas/2","timestamp":"2025-05-06T09:46:47.041Z"}
{"level":"info","message":"GET /api/ventas","timestamp":"2025-05-06T09:47:19.244Z"}
{"level":"info","message":"GET /api/ventas","timestamp":"2025-05-06T09:47:20.963Z"}
{"level":"info","message":"GET /api/clientes","timestamp":"2025-05-06T09:47:23.025Z"}
{"level":"info","message":"GET /api/clientes","timestamp":"2025-05-06T09:47:23.492Z"}
{"level":"info","message":"GET /api/ventas","timestamp":"2025-05-06T09:47:29.501Z"}
{"level":"info","message":"GET /api/ventas","timestamp":"2025-05-06T09:47:29.964Z"}
{"level":"info","message":"GET /api/proveedores","timestamp":"2025-05-06T09:47:32.610Z"}
{"level":"info","message":"GET /api/proveedores","timestamp":"2025-05-06T09:47:33.122Z"}
{"level":"info","message":"GET /api/usuarios","timestamp":"2025-05-06T09:48:55.844Z"}
{"level":"info","message":"GET /api/usuarios","timestamp":"2025-05-06T09:48:55.969Z"}
{"level":"debug","message":"Executing (default): SELECT 1+1 AS result","timestamp":"2025-05-06T09:49:19.726Z"}
{"level":"info","message":"Conexión a la base de datos establecida correctamente.","timestamp":"2025-05-06T09:49:19.973Z"}
{"level":"debug","message":"Executing (default): SELECT 1+1 AS result","timestamp":"2025-05-06T09:49:19.976Z"}
{"level":"info","message":"Modelos sincronizados con la base de datos.","timestamp":"2025-05-06T09:49:20.210Z"}
{"level":"info","message":"Servidor corriendo en el puerto 4000","timestamp":"2025-05-06T09:49:20.215Z"}
{"level":"debug","message":"Executing (default): SELECT 1+1 AS result","timestamp":"2025-05-06T09:49:43.629Z"}
{"level":"info","message":"Conexión a la base de datos establecida correctamente.","timestamp":"2025-05-06T09:49:43.914Z"}
{"level":"debug","message":"Executing (default): SELECT 1+1 AS result","timestamp":"2025-05-06T09:49:43.917Z"}
{"level":"info","message":"Modelos sincronizados con la base de datos.","timestamp":"2025-05-06T09:49:44.155Z"}
{"level":"info","message":"Servidor corriendo en el puerto 4000","timestamp":"2025-05-06T09:49:44.161Z"}
{"level":"info","message":"GET /api/auth/perfil","timestamp":"2025-05-06T09:49:53.083Z"}
{"level":"info","message":"GET /api/auth/perfil","timestamp":"2025-05-06T09:49:56.460Z"}
{"level":"info","message":"GET /api/usuarios","timestamp":"2025-05-06T09:49:56.611Z"}
{"level":"info","message":"GET /api/usuarios","timestamp":"2025-05-06T09:49:56.916Z"}
{"level":"info","message":"POST /api/usuarios","timestamp":"2025-05-06T09:50:45.031Z"}
{"level":"info","message":"GET /api/usuarios","timestamp":"2025-05-06T09:50:47.140Z"}
{"level":"info","message":"PUT /api/usuarios/4","timestamp":"2025-05-06T09:51:00.216Z"}
{"level":"info","message":"GET /api/usuarios","timestamp":"2025-05-06T09:51:01.273Z"}
{"level":"info","message":"GET /api/dashboard/total","timestamp":"2025-05-06T09:51:11.631Z"}
{"level":"info","message":"GET /api/dashboard/clientes","timestamp":"2025-05-06T09:51:11.725Z"}
{"level":"info","message":"GET /api/dashboard/productos","timestamp":"2025-05-06T09:51:11.735Z"}
{"level":"info","message":"GET /api/dashboard/mensuales","timestamp":"2025-05-06T09:51:11.810Z"}
{"level":"info","message":"GET /api/dashboard/total","timestamp":"2025-05-06T09:51:12.811Z"}
{"level":"info","message":"GET /api/dashboard/clientes","timestamp":"2025-05-06T09:51:13.052Z"}
{"level":"info","message":"GET /api/dashboard/productos","timestamp":"2025-05-06T09:51:13.130Z"}
{"level":"info","message":"GET /api/dashboard/mensuales","timestamp":"2025-05-06T09:51:13.152Z"}
{"level":"info","message":"GET /api/productos","timestamp":"2025-05-06T09:51:16.405Z"}
{"level":"info","message":"GET /api/categorias","timestamp":"2025-05-06T09:51:16.410Z"}
{"level":"info","message":"GET /api/categorias","timestamp":"2025-05-06T09:51:16.945Z"}
{"level":"info","message":"GET /api/productos","timestamp":"2025-05-06T09:51:16.952Z"}
{"level":"info","message":"GET /api/clientes","timestamp":"2025-05-06T09:51:18.434Z"}
{"level":"info","message":"GET /api/clientes","timestamp":"2025-05-06T09:51:18.929Z"}
{"level":"info","message":"GET /api/proveedores","timestamp":"2025-05-06T09:51:20.418Z"}
{"level":"info","message":"GET /api/proveedores","timestamp":"2025-05-06T09:51:20.912Z"}
{"level":"info","message":"GET /api/usuarios","timestamp":"2025-05-06T09:51:22.140Z"}
{"level":"info","message":"GET /api/usuarios","timestamp":"2025-05-06T09:51:22.383Z"}
{"level":"info","message":"POST /api/auth/login","timestamp":"2025-05-06T09:51:39.561Z"}
{"level":"info","message":"POST /api/auth/login","timestamp":"2025-05-06T09:51:42.190Z"}
{"level":"info","message":"GET /api/dashboard/total","timestamp":"2025-05-06T09:51:42.875Z"}
{"level":"info","message":"GET /api/dashboard/clientes","timestamp":"2025-05-06T09:51:42.893Z"}
{"level":"info","message":"GET /api/dashboard/productos","timestamp":"2025-05-06T09:51:42.906Z"}
{"level":"info","message":"GET /api/dashboard/mensuales","timestamp":"2025-05-06T09:51:42.917Z"}
{"level":"info","message":"GET /api/dashboard/total","timestamp":"2025-05-06T09:51:44.203Z"}
{"level":"info","message":"GET /api/dashboard/clientes","timestamp":"2025-05-06T09:51:44.337Z"}
{"level":"info","message":"GET /api/dashboard/productos","timestamp":"2025-05-06T09:51:44.451Z"}
{"level":"info","message":"GET /api/dashboard/mensuales","timestamp":"2025-05-06T09:51:44.461Z"}
{"level":"info","message":"GET /api/productos","timestamp":"2025-05-06T09:51:49.002Z"}
{"level":"info","message":"GET /api/categorias","timestamp":"2025-05-06T09:51:49.009Z"}
{"level":"info","message":"GET /api/categorias","timestamp":"2025-05-06T09:51:49.501Z"}
{"level":"info","message":"GET /api/productos","timestamp":"2025-05-06T09:51:49.544Z"}
{"level":"info","message":"GET /api/ventas","timestamp":"2025-05-06T09:51:54.070Z"}
{"level":"info","message":"GET /api/ventas","timestamp":"2025-05-06T09:51:54.686Z"}
{"level":"info","message":"GET /api/clientes","timestamp":"2025-05-06T09:51:58.229Z"}
{"level":"info","message":"GET /api/clientes","timestamp":"2025-05-06T09:51:58.828Z"}
{"level":"info","message":"GET /api/proveedores","timestamp":"2025-05-06T09:52:00.098Z"}
{"level":"info","message":"GET /api/proveedores","timestamp":"2025-05-06T09:52:00.657Z"}
{"level":"info","message":"GET /api/usuarios","timestamp":"2025-05-06T09:52:02.132Z"}
{"level":"info","message":"GET /api/usuarios","timestamp":"2025-05-06T09:52:02.423Z"}
{"level":"info","message":"GET /api/dashboard/total","timestamp":"2025-05-06T09:52:09.824Z"}
{"level":"info","message":"GET /api/dashboard/mensuales","timestamp":"2025-05-06T09:52:09.835Z"}
{"level":"info","message":"GET /api/dashboard/productos","timestamp":"2025-05-06T09:52:09.845Z"}
{"level":"info","message":"GET /api/dashboard/clientes","timestamp":"2025-05-06T09:52:09.852Z"}
{"level":"info","message":"GET /api/dashboard/total","timestamp":"2025-05-06T09:52:10.568Z"}
{"level":"info","message":"GET /api/dashboard/mensuales","timestamp":"2025-05-06T09:52:10.574Z"}
{"level":"info","message":"GET /api/dashboard/clientes","timestamp":"2025-05-06T09:52:10.779Z"}
{"level":"info","message":"GET /api/dashboard/productos","timestamp":"2025-05-06T09:52:10.795Z"}
